<html>
<head>
<title>TestNG:  Test Runner 2</title>
<link href="../testng.css" rel="stylesheet" type="text/css" />
<link href="../my-testng.css" rel="stylesheet" type="text/css" />

<style type="text/css">
.log { display: none;} 
.stack-trace { display: none;} 
</style>
<script type="text/javascript">
<!--
function flip(e) {
  current = e.style.display;
  if (current == 'block') {
    e.style.display = 'none';
    return 0;
  }
  else {
    e.style.display = 'block';
    return 1;
  }
}

function toggleBox(szDivId, elem, msg1, msg2)
{
  var res = -1;  if (document.getElementById) {
    res = flip(document.getElementById(szDivId));
  }
  else if (document.all) {
    // this is the way old msie versions work
    res = flip(document.all[szDivId]);
  }
  if(elem) {
    if(res == 0) elem.innerHTML = msg1; else elem.innerHTML = msg2;
  }

}

function toggleAllBoxes() {
  if (document.getElementsByTagName) {
    d = document.getElementsByTagName('div');
    for (i = 0; i < d.length; i++) {
      if (d[i].className == 'log') {
        flip(d[i]);
      }
    }
  }
}

// -->
</script>

</head>
<body>
<h2 align='center'>Test Runner 2</h2><table border='1' align="center">
<tr>
<td>Tests passed/Failed/Skipped:</td><td>4/4/0</td>
</tr><tr>
<td>Started on:</td><td>Thu Jan 12 17:53:15 IST 2023</td>
</tr>
<tr><td>Total time:</td><td>39 seconds (39255 ms)</td>
</tr><tr>
<td>Included groups:</td><td></td>
</tr><tr>
<td>Excluded groups:</td><td></td>
</tr>
</table><p/>
<small><i>(Hover the method name to see the test class name)</i></small><p/>
<table width='100%' border='1' class='invocation-failed'>
<tr><td colspan='4' align='center'><b>FAILED TESTS</b></td></tr>
<tr><td><b>Test method</b></td>
<td width="30%"><b>Exception</b></td>
<td width="10%"><b>Time (seconds)</b></td>
<td><b>Instance</b></td>
</tr>
<tr>
<td title='staff_login.CreditCustomerTest.creditCustomer()'><b>creditCustomer</b><br>Test class: staff_login.CreditCustomerTest<br/>
<a href="#Output-691726651" onClick='toggleBox("Output-691726651", this, "Show output", "Hide output");'>Show output</a>

<a href="#Output-691726651" onClick="toggleAllBoxes();">Show all outputs</a>
<div class='log' id="Output-691726651">
creditCustomer-----> Test Script Execution Is Started<br/>
--Test Script Execution is Failed<br/>
</div>
</td>
<td><div><pre>java.lang.AssertionError: null
	at staff_login.CreditCustomerTest.creditCustomer(CreditCustomerTest.java:23)
	at java.base/java.util.ArrayList.forEach(ArrayList.java:1511)
	at java.base/java.util.concurrent.FutureTask.run(FutureTask.java:264)
	at java.base/java.util.concurrent.ThreadPoolExecutor.runWorker(ThreadPoolExecutor.java:1136)
	at java.base/java.util.concurrent.ThreadPoolExecutor$Worker.run(ThreadPoolExecutor.java:635)
	at java.base/java.lang.Thread.run(Thread.java:833)
... Removed 20 stack frames</pre></div><a href='#' onClick='toggleBox("stack-trace691726651", this, "Click to show all stack frames", "Click to hide stack frames")'>Click to show all stack frames</a>
<div class='stack-trace' id='stack-trace691726651'><pre>java.lang.AssertionError: null
	at org.testng.Assert.fail(Assert.java:99)
	at org.testng.Assert.fail(Assert.java:106)
	at staff_login.CreditCustomerTest.creditCustomer(CreditCustomerTest.java:23)
	at java.base/jdk.internal.reflect.NativeMethodAccessorImpl.invoke0(Native Method)
	at java.base/jdk.internal.reflect.NativeMethodAccessorImpl.invoke(NativeMethodAccessorImpl.java:77)
	at java.base/jdk.internal.reflect.DelegatingMethodAccessorImpl.invoke(DelegatingMethodAccessorImpl.java:43)
	at java.base/java.lang.reflect.Method.invoke(Method.java:568)
	at org.testng.internal.MethodInvocationHelper.invokeMethod(MethodInvocationHelper.java:133)
	at org.testng.internal.TestInvoker.invokeMethod(TestInvoker.java:598)
	at org.testng.internal.TestInvoker.invokeTestMethod(TestInvoker.java:173)
	at org.testng.internal.MethodRunner.runInSequence(MethodRunner.java:46)
	at org.testng.internal.TestInvoker$MethodInvocationAgent.invoke(TestInvoker.java:824)
	at org.testng.internal.TestInvoker.invokeTestMethods(TestInvoker.java:146)
	at org.testng.internal.TestMethodWorker.invokeTestMethods(TestMethodWorker.java:146)
	at org.testng.internal.TestMethodWorker.run(TestMethodWorker.java:128)
	at java.base/java.util.ArrayList.forEach(ArrayList.java:1511)
	at org.testng.TestRunner.privateRun(TestRunner.java:794)
	at org.testng.TestRunner.run(TestRunner.java:596)
	at org.testng.SuiteRunner.runTest(SuiteRunner.java:377)
	at org.testng.SuiteRunner.access$000(SuiteRunner.java:28)
	at org.testng.SuiteRunner$SuiteWorker.run(SuiteRunner.java:418)
	at org.testng.internal.thread.ThreadUtil.lambda$execute$0(ThreadUtil.java:64)
	at java.base/java.util.concurrent.FutureTask.run(FutureTask.java:264)
	at java.base/java.util.concurrent.ThreadPoolExecutor.runWorker(ThreadPoolExecutor.java:1136)
	at java.base/java.util.concurrent.ThreadPoolExecutor$Worker.run(ThreadPoolExecutor.java:635)
	at java.base/java.lang.Thread.run(Thread.java:833)
</pre></div></td>
<td>1</td>
<td>staff_login.CreditCustomerTest@57a3af25</td></tr>
<tr>
<td title='internet_banking.InternetBankingLoginTest.internetBankLogin()'><b>internetBankLogin</b><br>Test class: internet_banking.InternetBankingLoginTest<br/>
<a href="#Output-1280228461" onClick='toggleBox("Output-1280228461", this, "Show output", "Hide output");'>Show output</a>

<a href="#Output-1280228461" onClick="toggleAllBoxes();">Show all outputs</a>
<div class='log' id="Output-1280228461">
internetBankLogin-----> Test Script Execution Is Started<br/>
--Test Script Execution is Failed<br/>
</div>
</td>
<td><div><pre>java.lang.NullPointerException: Cannot invoke &quot;org.apache.poi.ss.usermodel.Cell.getStringCellValue()&quot; because the return value of &quot;org.apache.poi.ss.usermodel.Row.getCell(int)&quot; is null
	at com.onlineBanking.genericutilities.ExcelUtility.getDataFromExcel(ExcelUtility.java:28)
	at com.onlineBanking.objectrepository.InternetBankingLoginPage.setInternetLoginBankig(InternetBankingLoginPage.java:31)
	at internet_banking.InternetBankingLoginTest.internetBankLogin(InternetBankingLoginTest.java:13)
	at java.base/java.util.ArrayList.forEach(ArrayList.java:1511)
	at java.base/java.util.concurrent.FutureTask.run(FutureTask.java:264)
	at java.base/java.util.concurrent.ThreadPoolExecutor.runWorker(ThreadPoolExecutor.java:1136)
	at java.base/java.util.concurrent.ThreadPoolExecutor$Worker.run(ThreadPoolExecutor.java:635)
	at java.base/java.lang.Thread.run(Thread.java:833)
... Removed 18 stack frames</pre></div><a href='#' onClick='toggleBox("stack-trace1280228461", this, "Click to show all stack frames", "Click to hide stack frames")'>Click to show all stack frames</a>
<div class='stack-trace' id='stack-trace1280228461'><pre>java.lang.NullPointerException: Cannot invoke &quot;org.apache.poi.ss.usermodel.Cell.getStringCellValue()&quot; because the return value of &quot;org.apache.poi.ss.usermodel.Row.getCell(int)&quot; is null
	at com.onlineBanking.genericutilities.ExcelUtility.getDataFromExcel(ExcelUtility.java:28)
	at com.onlineBanking.objectrepository.InternetBankingLoginPage.setInternetLoginBankig(InternetBankingLoginPage.java:31)
	at internet_banking.InternetBankingLoginTest.internetBankLogin(InternetBankingLoginTest.java:13)
	at java.base/jdk.internal.reflect.NativeMethodAccessorImpl.invoke0(Native Method)
	at java.base/jdk.internal.reflect.NativeMethodAccessorImpl.invoke(NativeMethodAccessorImpl.java:77)
	at java.base/jdk.internal.reflect.DelegatingMethodAccessorImpl.invoke(DelegatingMethodAccessorImpl.java:43)
	at java.base/java.lang.reflect.Method.invoke(Method.java:568)
	at org.testng.internal.MethodInvocationHelper.invokeMethod(MethodInvocationHelper.java:133)
	at org.testng.internal.TestInvoker.invokeMethod(TestInvoker.java:598)
	at org.testng.internal.TestInvoker.invokeTestMethod(TestInvoker.java:173)
	at org.testng.internal.MethodRunner.runInSequence(MethodRunner.java:46)
	at org.testng.internal.TestInvoker$MethodInvocationAgent.invoke(TestInvoker.java:824)
	at org.testng.internal.TestInvoker.invokeTestMethods(TestInvoker.java:146)
	at org.testng.internal.TestMethodWorker.invokeTestMethods(TestMethodWorker.java:146)
	at org.testng.internal.TestMethodWorker.run(TestMethodWorker.java:128)
	at java.base/java.util.ArrayList.forEach(ArrayList.java:1511)
	at org.testng.TestRunner.privateRun(TestRunner.java:794)
	at org.testng.TestRunner.run(TestRunner.java:596)
	at org.testng.SuiteRunner.runTest(SuiteRunner.java:377)
	at org.testng.SuiteRunner.access$000(SuiteRunner.java:28)
	at org.testng.SuiteRunner$SuiteWorker.run(SuiteRunner.java:418)
	at org.testng.internal.thread.ThreadUtil.lambda$execute$0(ThreadUtil.java:64)
	at java.base/java.util.concurrent.FutureTask.run(FutureTask.java:264)
	at java.base/java.util.concurrent.ThreadPoolExecutor.runWorker(ThreadPoolExecutor.java:1136)
	at java.base/java.util.concurrent.ThreadPoolExecutor$Worker.run(ThreadPoolExecutor.java:635)
	at java.base/java.lang.Thread.run(Thread.java:833)
</pre></div></td>
<td>0</td>
<td>internet_banking.InternetBankingLoginTest@5c33f1a9</td></tr>
<tr>
<td title='internet_banking.InternetBankingRigisterTest.rigister()'><b>rigister</b><br>Test class: internet_banking.InternetBankingRigisterTest<br/>
<a href="#Output-645199200" onClick='toggleBox("Output-645199200", this, "Show output", "Hide output");'>Show output</a>

<a href="#Output-645199200" onClick="toggleAllBoxes();">Show all outputs</a>
<div class='log' id="Output-645199200">
rigister-----> Test Script Execution Is Started<br/>
--Test Script Execution is Failed<br/>
</div>
</td>
<td><div><pre>java.lang.NullPointerException: Cannot invoke &quot;org.apache.poi.ss.usermodel.Cell.getStringCellValue()&quot; because the return value of &quot;org.apache.poi.ss.usermodel.Row.getCell(int)&quot; is null
	at com.onlineBanking.genericutilities.ExcelUtility.getDataFromExcel(ExcelUtility.java:28)
	at com.onlineBanking.objectrepository.InternetBankingRigistrationPage.setInternetbankingRigistration(InternetBankingRigistrationPage.java:61)
	at internet_banking.InternetBankingRigisterTest.rigister(InternetBankingRigisterTest.java:13)
	at java.base/java.util.ArrayList.forEach(ArrayList.java:1511)
	at java.base/java.util.concurrent.FutureTask.run(FutureTask.java:264)
	at java.base/java.util.concurrent.ThreadPoolExecutor.runWorker(ThreadPoolExecutor.java:1136)
	at java.base/java.util.concurrent.ThreadPoolExecutor$Worker.run(ThreadPoolExecutor.java:635)
	at java.base/java.lang.Thread.run(Thread.java:833)
... Removed 18 stack frames</pre></div><a href='#' onClick='toggleBox("stack-trace645199200", this, "Click to show all stack frames", "Click to hide stack frames")'>Click to show all stack frames</a>
<div class='stack-trace' id='stack-trace645199200'><pre>java.lang.NullPointerException: Cannot invoke &quot;org.apache.poi.ss.usermodel.Cell.getStringCellValue()&quot; because the return value of &quot;org.apache.poi.ss.usermodel.Row.getCell(int)&quot; is null
	at com.onlineBanking.genericutilities.ExcelUtility.getDataFromExcel(ExcelUtility.java:28)
	at com.onlineBanking.objectrepository.InternetBankingRigistrationPage.setInternetbankingRigistration(InternetBankingRigistrationPage.java:61)
	at internet_banking.InternetBankingRigisterTest.rigister(InternetBankingRigisterTest.java:13)
	at java.base/jdk.internal.reflect.NativeMethodAccessorImpl.invoke0(Native Method)
	at java.base/jdk.internal.reflect.NativeMethodAccessorImpl.invoke(NativeMethodAccessorImpl.java:77)
	at java.base/jdk.internal.reflect.DelegatingMethodAccessorImpl.invoke(DelegatingMethodAccessorImpl.java:43)
	at java.base/java.lang.reflect.Method.invoke(Method.java:568)
	at org.testng.internal.MethodInvocationHelper.invokeMethod(MethodInvocationHelper.java:133)
	at org.testng.internal.TestInvoker.invokeMethod(TestInvoker.java:598)
	at org.testng.internal.TestInvoker.invokeTestMethod(TestInvoker.java:173)
	at org.testng.internal.MethodRunner.runInSequence(MethodRunner.java:46)
	at org.testng.internal.TestInvoker$MethodInvocationAgent.invoke(TestInvoker.java:824)
	at org.testng.internal.TestInvoker.invokeTestMethods(TestInvoker.java:146)
	at org.testng.internal.TestMethodWorker.invokeTestMethods(TestMethodWorker.java:146)
	at org.testng.internal.TestMethodWorker.run(TestMethodWorker.java:128)
	at java.base/java.util.ArrayList.forEach(ArrayList.java:1511)
	at org.testng.TestRunner.privateRun(TestRunner.java:794)
	at org.testng.TestRunner.run(TestRunner.java:596)
	at org.testng.SuiteRunner.runTest(SuiteRunner.java:377)
	at org.testng.SuiteRunner.access$000(SuiteRunner.java:28)
	at org.testng.SuiteRunner$SuiteWorker.run(SuiteRunner.java:418)
	at org.testng.internal.thread.ThreadUtil.lambda$execute$0(ThreadUtil.java:64)
	at java.base/java.util.concurrent.FutureTask.run(FutureTask.java:264)
	at java.base/java.util.concurrent.ThreadPoolExecutor.runWorker(ThreadPoolExecutor.java:1136)
	at java.base/java.util.concurrent.ThreadPoolExecutor$Worker.run(ThreadPoolExecutor.java:635)
	at java.base/java.lang.Thread.run(Thread.java:833)
</pre></div></td>
<td>1</td>
<td>internet_banking.InternetBankingRigisterTest@7f0eb4b4</td></tr>
<tr>
<td title='internet_banking.FundTransferTest.fundTransfer()'><b>fundTransfer</b><br>Test class: internet_banking.FundTransferTest<br/>
<a href="#Output-1520424436" onClick='toggleBox("Output-1520424436", this, "Show output", "Hide output");'>Show output</a>

<a href="#Output-1520424436" onClick="toggleAllBoxes();">Show all outputs</a>
<div class='log' id="Output-1520424436">
fundTransfer-----> Test Script Execution Is Started<br/>
--Test Script Execution is Failed<br/>
</div>
</td>
<td><div><pre>java.lang.NullPointerException: Cannot invoke &quot;org.apache.poi.ss.usermodel.Cell.getStringCellValue()&quot; because the return value of &quot;org.apache.poi.ss.usermodel.Row.getCell(int)&quot; is null
	at com.onlineBanking.genericutilities.ExcelUtility.getDataFromExcel(ExcelUtility.java:28)
	at com.onlineBanking.objectrepository.InternetBankingLoginPage.setInternetLoginBankig(InternetBankingLoginPage.java:31)
	at internet_banking.FundTransferTest.fundTransfer(FundTransferTest.java:18)
	at java.base/java.util.ArrayList.forEach(ArrayList.java:1511)
	at java.base/java.util.concurrent.FutureTask.run(FutureTask.java:264)
	at java.base/java.util.concurrent.ThreadPoolExecutor.runWorker(ThreadPoolExecutor.java:1136)
	at java.base/java.util.concurrent.ThreadPoolExecutor$Worker.run(ThreadPoolExecutor.java:635)
	at java.base/java.lang.Thread.run(Thread.java:833)
... Removed 18 stack frames</pre></div><a href='#' onClick='toggleBox("stack-trace1520424436", this, "Click to show all stack frames", "Click to hide stack frames")'>Click to show all stack frames</a>
<div class='stack-trace' id='stack-trace1520424436'><pre>java.lang.NullPointerException: Cannot invoke &quot;org.apache.poi.ss.usermodel.Cell.getStringCellValue()&quot; because the return value of &quot;org.apache.poi.ss.usermodel.Row.getCell(int)&quot; is null
	at com.onlineBanking.genericutilities.ExcelUtility.getDataFromExcel(ExcelUtility.java:28)
	at com.onlineBanking.objectrepository.InternetBankingLoginPage.setInternetLoginBankig(InternetBankingLoginPage.java:31)
	at internet_banking.FundTransferTest.fundTransfer(FundTransferTest.java:18)
	at java.base/jdk.internal.reflect.NativeMethodAccessorImpl.invoke0(Native Method)
	at java.base/jdk.internal.reflect.NativeMethodAccessorImpl.invoke(NativeMethodAccessorImpl.java:77)
	at java.base/jdk.internal.reflect.DelegatingMethodAccessorImpl.invoke(DelegatingMethodAccessorImpl.java:43)
	at java.base/java.lang.reflect.Method.invoke(Method.java:568)
	at org.testng.internal.MethodInvocationHelper.invokeMethod(MethodInvocationHelper.java:133)
	at org.testng.internal.TestInvoker.invokeMethod(TestInvoker.java:598)
	at org.testng.internal.TestInvoker.invokeTestMethod(TestInvoker.java:173)
	at org.testng.internal.MethodRunner.runInSequence(MethodRunner.java:46)
	at org.testng.internal.TestInvoker$MethodInvocationAgent.invoke(TestInvoker.java:824)
	at org.testng.internal.TestInvoker.invokeTestMethods(TestInvoker.java:146)
	at org.testng.internal.TestMethodWorker.invokeTestMethods(TestMethodWorker.java:146)
	at org.testng.internal.TestMethodWorker.run(TestMethodWorker.java:128)
	at java.base/java.util.ArrayList.forEach(ArrayList.java:1511)
	at org.testng.TestRunner.privateRun(TestRunner.java:794)
	at org.testng.TestRunner.run(TestRunner.java:596)
	at org.testng.SuiteRunner.runTest(SuiteRunner.java:377)
	at org.testng.SuiteRunner.access$000(SuiteRunner.java:28)
	at org.testng.SuiteRunner$SuiteWorker.run(SuiteRunner.java:418)
	at org.testng.internal.thread.ThreadUtil.lambda$execute$0(ThreadUtil.java:64)
	at java.base/java.util.concurrent.FutureTask.run(FutureTask.java:264)
	at java.base/java.util.concurrent.ThreadPoolExecutor.runWorker(ThreadPoolExecutor.java:1136)
	at java.base/java.util.concurrent.ThreadPoolExecutor$Worker.run(ThreadPoolExecutor.java:635)
	at java.base/java.lang.Thread.run(Thread.java:833)
</pre></div></td>
<td>0</td>
<td>internet_banking.FundTransferTest@1623b78d</td></tr>
</table><p>
<table width='100%' border='1' class='invocation-passed'>
<tr><td colspan='4' align='center'><b>PASSED TESTS</b></td></tr>
<tr><td><b>Test method</b></td>
<td width="30%"><b>Exception</b></td>
<td width="10%"><b>Time (seconds)</b></td>
<td><b>Instance</b></td>
</tr>
<tr>
<td title='applaydebitcard.AppalyDebitCardTest.applayDebitcard()'><b>applayDebitcard</b><br>Test class: applaydebitcard.AppalyDebitCardTest<br/>
<a href="#Output-176186880" onClick='toggleBox("Output-176186880", this, "Show output", "Hide output");'>Show output</a>

<a href="#Output-176186880" onClick="toggleAllBoxes();">Show all outputs</a>
<div class='log' id="Output-176186880">
applayDebitcard-----> Test Script Execution Is Started<br/>
applayDebitcard----->TestScript Execution Successful<br/>
</div>
</td>
<td></td>
<td>1</td>
<td>applaydebitcard.AppalyDebitCardTest@2b662a77</td></tr>
<tr>
<td title='staff_login.ViewCustomerByAccountNumberTest.ViewCustomerByAccNo()'><b>ViewCustomerByAccNo</b><br>Test class: staff_login.ViewCustomerByAccountNumberTest<br/>
<a href="#Output-1257203308" onClick='toggleBox("Output-1257203308", this, "Show output", "Hide output");'>Show output</a>

<a href="#Output-1257203308" onClick="toggleAllBoxes();">Show all outputs</a>
<div class='log' id="Output-1257203308">
ViewCustomerByAccNo-----> Test Script Execution Is Started<br/>
ViewCustomerByAccNo----->TestScript Execution Successful<br/>
</div>
</td>
<td></td>
<td>3</td>
<td>staff_login.ViewCustomerByAccountNumberTest@7f3b84b8</td></tr>
<tr>
<td title='open_Account.OpenAccountTest.OpenAccount()'><b>OpenAccount</b><br>Test class: open_Account.OpenAccountTest<br/>
<a href="#Output-1029158733" onClick='toggleBox("Output-1029158733", this, "Show output", "Hide output");'>Show output</a>

<a href="#Output-1029158733" onClick="toggleAllBoxes();">Show all outputs</a>
<div class='log' id="Output-1029158733">
OpenAccount-----> Test Script Execution Is Started<br/>
OpenAccount----->TestScript Execution Successful<br/>
</div>
</td>
<td></td>
<td>4</td>
<td>open_Account.OpenAccountTest@158d2680</td></tr>
<tr>
<td title='staff_login.ApprovePendingAccountTest.ApprovePendingAccount()'><b>ApprovePendingAccount</b><br>Test class: staff_login.ApprovePendingAccountTest<br/>
<a href="#Output-1322697532" onClick='toggleBox("Output-1322697532", this, "Show output", "Hide output");'>Show output</a>

<a href="#Output-1322697532" onClick="toggleAllBoxes();">Show all outputs</a>
<div class='log' id="Output-1322697532">
ApprovePendingAccount-----> Test Script Execution Is Started<br/>
ApprovePendingAccount----->TestScript Execution Successful<br/>
</div>
</td>
<td></td>
<td>2</td>
<td>staff_login.ApprovePendingAccountTest@77847718</td></tr>
</table><p>
</body>
</html>